
  .   ____          _            __ _ _
 /\\ / ___'_ __ _ _(_)_ __  __ _ \ \ \ \
( ( )\___ | '_ | '_| | '_ \/ _` | \ \ \ \
 \\/  ___)| |_)| | | | | || (_| |  ) ) ) )
  '  |____| .__|_| |_|_| |_\__, | / / / /
 =========|_|==============|___/=/_/_/_/

 :: Spring Boot ::               (v3.5.13)

2026-04-13T13:55:19.810+05:30  INFO 37124 --- [smartcampus] [           main] com.smartcampus.SmartcampusApplication   : Starting SmartcampusApplication v0.0.1-SNAPSHOT using Java 17.0.18 with PID 37124 (E:\myProject\gitpr\practicegit\Smart-Campus-Operations-Hub-\BACKEND\target\smartcampus-0.0.1-SNAPSHOT.jar started by WW in E:\myProject\gitpr\practicegit\Smart-Campus-Operations-Hub-\BACKEND)
2026-04-13T13:55:19.818+05:30  INFO 37124 --- [smartcampus] [           main] com.smartcampus.SmartcampusApplication   : The following 1 profile is active: "local"
2026-04-13T13:55:22.432+05:30  INFO 37124 --- [smartcampus] [           main] .s.d.r.c.RepositoryConfigurationDelegate : Bootstrapping Spring Data JPA repositories in DEFAULT mode.
2026-04-13T13:55:22.692+05:30  INFO 37124 --- [smartcampus] [           main] .s.d.r.c.RepositoryConfigurationDelegate : Finished Spring Data repository scanning in 198 ms. Found 8 JPA repository interfaces.
2026-04-13T13:55:25.254+05:30  INFO 37124 --- [smartcampus] [           main] o.s.b.w.embedded.tomcat.TomcatWebServer  : Tomcat initialized with port 8083 (http)
2026-04-13T13:55:25.340+05:30  INFO 37124 --- [smartcampus] [           main] o.apache.catalina.core.StandardService   : Starting service [Tomcat]
2026-04-13T13:55:25.376+05:30  INFO 37124 --- [smartcampus] [           main] o.apache.catalina.core.StandardEngine    : Starting Servlet engine: [Apache Tomcat/10.1.53]
2026-04-13T13:55:25.561+05:30  INFO 37124 --- [smartcampus] [           main] o.a.c.c.C.[Tomcat].[localhost].[/]       : Initializing Spring embedded WebApplicationContext
2026-04-13T13:55:25.597+05:30  INFO 37124 --- [smartcampus] [           main] w.s.c.ServletWebServerApplicationContext : Root WebApplicationContext: initialization completed in 5649 ms
2026-04-13T13:55:26.746+05:30  INFO 37124 --- [smartcampus] [           main] o.hibernate.jpa.internal.util.LogHelper  : HHH000204: Processing PersistenceUnitInfo [name: default]
2026-04-13T13:55:27.108+05:30  INFO 37124 --- [smartcampus] [           main] org.hibernate.Version                    : HHH000412: Hibernate ORM core version 6.6.45.Final
2026-04-13T13:55:27.364+05:30  INFO 37124 --- [smartcampus] [           main] o.h.c.internal.RegionFactoryInitiator    : HHH000026: Second-level cache disabled
2026-04-13T13:55:28.231+05:30  INFO 37124 --- [smartcampus] [           main] o.s.o.j.p.SpringPersistenceUnitInfo      : No LoadTimeWeaver setup: ignoring JPA class transformer
2026-04-13T13:55:28.373+05:30  INFO 37124 --- [smartcampus] [           main] com.zaxxer.hikari.HikariDataSource       : HikariPool-1 - Starting...
2026-04-13T13:55:28.905+05:30  INFO 37124 --- [smartcampus] [           main] com.zaxxer.hikari.pool.HikariPool        : HikariPool-1 - Added connection conn0: url=jdbc:h2:mem:smartcampus_local user=ROOT
2026-04-13T13:55:28.909+05:30  INFO 37124 --- [smartcampus] [           main] com.zaxxer.hikari.HikariDataSource       : HikariPool-1 - Start completed.
2026-04-13T13:55:29.044+05:30  INFO 37124 --- [smartcampus] [           main] org.hibernate.orm.connections.pooling    : HHH10001005: Database info:
	Database JDBC URL [Connecting through datasource 'HikariDataSource (HikariPool-1)']
	Database driver: undefined/unknown
	Database version: 2.3.232
	Autocommit mode: undefined/unknown
	Isolation level: undefined/unknown
	Minimum pool size: undefined/unknown
	Maximum pool size: undefined/unknown
2026-04-13T13:55:31.612+05:30  INFO 37124 --- [smartcampus] [           main] o.h.e.t.j.p.i.JtaPlatformInitiator       : HHH000489: No JTA platform available (set 'hibernate.transaction.jta.platform' to enable JTA platform integration)
2026-04-13T13:55:31.827+05:30  INFO 37124 --- [smartcampus] [           main] j.LocalContainerEntityManagerFactoryBean : Initialized JPA EntityManagerFactory for persistence unit 'default'
2026-04-13T13:55:33.072+05:30  INFO 37124 --- [smartcampus] [           main] o.s.d.j.r.query.QueryEnhancerFactory     : Hibernate is in classpath; If applicable, HQL parser will be used.
2026-04-13T13:55:36.990+05:30  INFO 37124 --- [smartcampus] [           main] r$InitializeUserDetailsManagerConfigurer : Global AuthenticationManager configured with UserDetailsService bean with name customUserDetailsService
2026-04-13T13:55:41.656+05:30  INFO 37124 --- [smartcampus] [           main] o.s.b.a.h2.H2ConsoleAutoConfiguration    : H2 console available at '/h2-console'. Database available at 'jdbc:h2:mem:smartcampus_local'
2026-04-13T13:55:42.019+05:30  INFO 37124 --- [smartcampus] [           main] o.s.b.w.embedded.tomcat.TomcatWebServer  : Tomcat started on port 8083 (http) with context path '/'
2026-04-13T13:55:42.108+05:30  INFO 37124 --- [smartcampus] [           main] com.smartcampus.SmartcampusApplication   : Started SmartcampusApplication in 23.669 seconds (process running for 25.144)
2026-04-13T13:55:42.147+05:30  INFO 37124 --- [smartcampus] [           main] com.smartcampus.SmartcampusApplication   : ? Smart Campus Facilities & Assets REST API server started successfully.
2026-04-13T13:56:58.256+05:30  INFO 37124 --- [smartcampus] [nio-8083-exec-1] o.a.c.c.C.[Tomcat].[localhost].[/]       : Initializing Spring DispatcherServlet 'dispatcherServlet'
2026-04-13T13:56:58.257+05:30  INFO 37124 --- [smartcampus] [nio-8083-exec-1] o.s.web.servlet.DispatcherServlet        : Initializing Servlet 'dispatcherServlet'
2026-04-13T13:56:58.260+05:30  INFO 37124 --- [smartcampus] [nio-8083-exec-1] o.s.web.servlet.DispatcherServlet        : Completed initialization in 1 ms
